Removed Pin From Net: NetName=+5V Pin=D1-2
Removed Pin From Net: NetName=-15V Pin=D3-1
Removed Pin From Net: NetName=GND in Pin=DZ1-1
Removed Pin From Net: NetName=GND in Pin=DZ2-1
Removed Pin From Net: NetName=GND in Pin=DZ3-2
Removed Pin From Net: NetName=GND in Pin=TP?-7
Change Component Designator: OldDesignator=TP? NewDesignator=Fonte
Added Pin To Net: NetName=-15V Pin=INV?-2
Added Pin To Net: NetName=+5V Pin=INV?-8
Added Pin To Net: NetName=+15V Pin=INV?-9
Added Pin To Net: NetName=PA2 Pin=INV?-12
Added Pin To Net: NetName=PA0 Pin=INV?-13
Added Pin To Net: NetName=PA1 Pin=INV?-14
Added Pin To Net: NetName=+5V Pin=P?-8
Added Pin To Net: NetName=-15V Pin=P?-9
Added Pin To Net: NetName=+15V Pin=P?-10
Added Pin To Net: NetName=PA6 Pin=P?-16
Added Pin To Net: NetName=PA2 Pin=P?-17
Added Pin To Net: NetName=GND in Pin=P?-19
Added Pin To Net: NetName=PB1 Pin=P?-20
Added Pin To Net: NetName=PA6 Pin=P?-22
Added Pin To Net: NetName=+5V Pin=P?-29
Added Pin To Net: NetName=+15V Pin=P?-31
Added Pin To Net: NetName=+5V Pin=P?-38
Added Pin To Net: NetName=-15V Pin=P?-39
Added Pin To Net: NetName=+15V Pin=P?-40
Added Pin To Net: NetName=PE13 Pin=P?-42
Added Pin To Net: NetName=PA2 Pin=P?-46
Added Pin To Net: NetName=PA0 Pin=P?-48
Added Pin To Net: NetName=GND in Pin=P?-49
Added Pin To Net: NetName=PA1 Pin=P?-50
Added Pin To Net: NetName=PE13 Pin=TC?-10
Added Pin To Net: NetName=PA1 Pin=TP?-3
Added Pin To Net: NetName=PA2 Pin=TP?-6
Added Pin To Net: NetName=PA0 Pin=TP?-10
Added Pin To Net: NetName=PA2 Pin=TP?-11
Added Pin To Net: NetName=PA6 Pin=TP?-13
Added Net: Name=Net*_6
Added Pin To Net: NetName=NetINV?_1 Pin=INV?-1
Added Pin To Net: NetName=NetINV?_1 Pin=P?-37
Added Pin To Net: NetName=NetINV?_1 Pin=TC?-1
Added Net: Name=NetINV?_1
Added Pin To Net: NetName=NetINV?_3 Pin=INV?-3
Added Pin To Net: NetName=NetINV?_3 Pin=P?-41
Added Pin To Net: NetName=NetINV?_3 Pin=TC?-3
Added Net: Name=NetINV?_3
Added Pin To Net: NetName=NetINV?_4 Pin=INV?-4
Added Pin To Net: NetName=NetINV?_4 Pin=P?-43
Added Pin To Net: NetName=NetINV?_4 Pin=TC?-4
Added Net: Name=NetINV?_4
Added Pin To Net: NetName=NetINV?_5 Pin=INV?-5
Added Pin To Net: NetName=NetINV?_5 Pin=P?-45
Added Pin To Net: NetName=NetINV?_5 Pin=TC?-5
Added Net: Name=NetINV?_5
Added Pin To Net: NetName=NetINV?_6 Pin=INV?-6
Added Pin To Net: NetName=NetINV?_6 Pin=P?-47
Added Pin To Net: NetName=NetINV?_6 Pin=TC?-6
Added Net: Name=NetINV?_6
Added Pin To Net: NetName=NetINV?_11 Pin=INV?-11
Added Pin To Net: NetName=NetINV?_11 Pin=P?-44
Added Pin To Net: NetName=NetINV?_11 Pin=TC?-11
Added Net: Name=NetINV?_11
Added Pin To Net: NetName=NetP?_7 Pin=P?-7
Added Pin To Net: NetName=NetP?_7 Pin=TP?-1
Added Net: Name=NetP?_7
Added Pin To Net: NetName=NetP?_13 Pin=P?-13
Added Pin To Net: NetName=NetP?_13 Pin=TP?-4
Added Net: Name=NetP?_13
Added Pin To Net: NetName=NetP?_15 Pin=P?-15
Added Pin To Net: NetName=NetP?_15 Pin=TP?-5
Added Net: Name=NetP?_15
Added Member To Class: ClassName=S bus (5.775 X 3.30 inches) Member=Component D1 Diode
Added Member To Class: ClassName=S bus (5.775 X 3.30 inches) Member=Component D2 Diode
Added Member To Class: ClassName=S bus (5.775 X 3.30 inches) Member=Component D3 Diode
Added Member To Class: ClassName=S bus (5.775 X 3.30 inches) Member=Component DZ2 D Zener
Added Member To Class: ClassName=S bus (5.775 X 3.30 inches) Member=Component INV? Header 7X2A
Added Member To Class: ClassName=S bus (5.775 X 3.30 inches) Member=Component P? Header 25X2
Added Member To Class: ClassName=S bus (5.775 X 3.30 inches) Member=Component TC? Header 7X2A
Added Member To Class: ClassName=S bus (5.775 X 3.30 inches) Member=Component TP? Header 7X2A
