Change Component Designator: OldDesignator=Optoacoplador NewDesignator=Optoacoplador1
Added Component: Designator=Optoacoplador2(DIP8)
Add component. Clean all parameters for all variants
Added Component: Designator=P1(HDR1X6H)
Add component. Clean all parameters for all variants
Add component (AddParameter): Name = "LatestRevisionDate"; Value = "17-Jul-2002"; VariantName = "[No Variations]"
Add component (AddParameter): Name = "LatestRevisionNote"; Value = "Re-released for DXP Platform."; VariantName = "[No Variations]"
Add component (AddParameter): Name = "Publisher"; Value = "Altium Limited"; VariantName = "[No Variations]"
Added Pin To Net: NetName=PA10 Pin=Optoacoplador1-2
Added Pin To Net: NetName=GND Pin=Optoacoplador1-3
Added Pin To Net: NetName=+ 5 V Pin=Optoacoplador2-5
Added Pin To Net: NetName=PA9 Pin=Optoacoplador2-6
Added Pin To Net: NetName=GND Pin=Optoacoplador2-7
Added Pin To Net: NetName=GND Pin=Optoacoplador2-8
Added Pin To Net: NetName=GND uart Pin=Optoacoplador1-7
Added Pin To Net: NetName=GND uart Pin=Optoacoplador1-8
Added Pin To Net: NetName=GND uart Pin=Optoacoplador2-3
Added Pin To Net: NetName=GND uart Pin=P1-6
Added Net: Name=GND uart
Added Pin To Net: NetName=RX Pin=Optoacoplador1-6
Added Pin To Net: NetName=RX Pin=P1-2
Added Net: Name=RX
Added Pin To Net: NetName=TX Pin=Optoacoplador2-2
Added Pin To Net: NetName=TX Pin=P1-3
Added Net: Name=TX
Added Pin To Net: NetName=VCC_uart Pin=Optoacoplador1-5
Added Pin To Net: NetName=VCC_uart Pin=P1-4
Added Net: Name=VCC_uart
Added Member To Class: ClassName=S bus (5.775 X 3.30 inches) Member=Component Optoacoplador2 Optoacoplador
Added Member To Class: ClassName=S bus (5.775 X 3.30 inches) Member=Component P1 Header 6H
