Removed Member From Class: ClassName=S bus (5.775 X 3.30 inches) Member=P?
Change Component Designator: OldDesignator=C7 NewDesignator=C11
Change Component Designator: OldDesignator=C10 NewDesignator=C7
Change Component Designator: OldDesignator=C11 NewDesignator=C15
Change Component Designator: OldDesignator=C12 NewDesignator=C10
Change Component Designator: OldDesignator=C13 NewDesignator=C12
Change Component Designator: OldDesignator=C14 NewDesignator=C13
Change Component Designator: OldDesignator=C15 NewDesignator=C14
Change Component Designator: OldDesignator=Optoacoplador3 NewDesignator=Optoacoplador5
Change Component Designator: OldDesignator=Optoacoplador4 NewDesignator=Optoacoplador3
Change Component Designator: OldDesignator=Optoacoplador5 NewDesignator=Optoacoplador6
Change Component Designator: OldDesignator=Optoacoplador6 NewDesignator=Optoacoplador4
Change Component Designator: OldDesignator=P3 NewDesignator=P4
Change Component Designator: OldDesignator=P? NewDesignator=P3
Change Component Designator: OldDesignator=R7 NewDesignator=R13
Change Component Designator: OldDesignator=R8 NewDesignator=R14
Change Component Designator: OldDesignator=R9 NewDesignator=R15
Change Component Designator: OldDesignator=R10 NewDesignator=R7
Change Component Designator: OldDesignator=R11 NewDesignator=R8
Change Component Designator: OldDesignator=R12 NewDesignator=R9
Change Component Designator: OldDesignator=R13 NewDesignator=R16
Change Component Designator: OldDesignator=R14 NewDesignator=R17
Change Component Designator: OldDesignator=R15 NewDesignator=R18
Change Component Designator: OldDesignator=R16 NewDesignator=R10
Change Component Designator: OldDesignator=R17 NewDesignator=R11
Change Component Designator: OldDesignator=R18 NewDesignator=R12
Change Net Name : Old Net Name=NetC7_1 New Net Name=NetC11_1
Change Net Name : Old Net Name=NetC10_1 New Net Name=NetC7_1
Change Net Name : Old Net Name=NetC11_1 New Net Name=NetC15_1
Change Net Name : Old Net Name=NetC12_1 New Net Name=NetC10_1
Change Net Name : Old Net Name=NetOptoacoplador3_6 New Net Name=NetOptoacoplador5_6
Change Net Name : Old Net Name=NetOptoacoplador4_6 New Net Name=NetOptoacoplador3_6
Change Net Name : Old Net Name=NetOptoacoplador5_6 New Net Name=NetOptoacoplador6_6
Change Net Name : Old Net Name=NetOptoacoplador6_6 New Net Name=NetOptoacoplador4_6
Added Member To Class: ClassName=S bus (5.775 X 3.30 inches) Member=Component P4 Header 6H
