Removed Pin From Net: NetName=PC7 Pin=C7-2
Removed Pin From Net: NetName=PC9 Pin=C11-2
Removed Pin From Net: NetName=C9 Pin=C12-2
Removed Pin From Net: NetName=C9 Pin=P?-1
Removed Pin From Net: NetName=C8 Pin=P?-3
Removed Pin From Net: NetName=C7 Pin=P?-5
Removed Pin From Net: NetName=C6 Pin=P?-7
Removed Pin From Net: NetName=PC7 Pin=R7-1
Removed Pin From Net: NetName=PC8 Pin=R8-2
Removed Pin From Net: NetName=PC8 Pin=R9-2
Removed Pin From Net: NetName=PA9 Pin=R11-2
Removed Pin From Net: NetName=PA9 Pin=R12-2
Removed Pin From Net: NetName=PC9 Pin=R13-1
Removed Pin From Net: NetName=PC6 Pin=R14-2
Removed Pin From Net: NetName=PC6 Pin=R15-2
Removed Pin From Net: NetName=C9 Pin=R16-1
Removed Pin From Net: NetName=C6 Pin=R17-2
Removed Pin From Net: NetName=C6 Pin=R18-2
Added Pin To Net: NetName=PC9 Pin=C7-2
Added Pin To Net: NetName=PC7 Pin=C11-2
Added Pin To Net: NetName=C6 Pin=C12-2
Added Pin To Net: NetName=C8 Pin=P?-1
Added Pin To Net: NetName=C6 Pin=P?-3
Added Pin To Net: NetName=C9 Pin=P?-5
Added Pin To Net: NetName=C7 Pin=P?-7
Added Pin To Net: NetName=PC9 Pin=R7-1
Added Pin To Net: NetName=C9 Pin=R8-2
Added Pin To Net: NetName=C9 Pin=R9-2
Added Pin To Net: NetName=PC8 Pin=R11-2
Added Pin To Net: NetName=PC8 Pin=R12-2
Added Pin To Net: NetName=PC7 Pin=R13-1
Added Pin To Net: NetName=C7 Pin=R14-2
Added Pin To Net: NetName=C7 Pin=R15-2
Added Pin To Net: NetName=C6 Pin=R16-1
Added Pin To Net: NetName=PC6 Pin=R17-2
Added Pin To Net: NetName=PC6 Pin=R18-2
Added Member To Class: ClassName=S bus (5.775 X 3.30 inches) Member=Component C11 ?
