Removed Pin From Net: NetName=GND uart Pin=C22-1
Removed Pin From Net: NetName=VCC_uart Pin=C22-2
Removed Pin From Net: NetName=RX Pin=P5-2
Removed Pin From Net: NetName=TX Pin=P5-3
Removed Pin From Net: NetName=VCC_uart Pin=P5-4
Removed Pin From Net: NetName=GND uart Pin=P5-6
Removed Member From Class: ClassName=S bus (5.775 X 3.30 inches) Member=C22
Removed Member From Class: ClassName=S bus (5.775 X 3.30 inches) Member=P5
Added Component: Designator=C?(RAD-0.2)
Add component. Clean all parameters for all variants
Add component (AddParameter): Name = "LatestRevisionDate"; Value = "17-Jul-2002"; VariantName = "[No Variations]"
Add component (AddParameter): Name = "LatestRevisionNote"; Value = "Re-released for DXP Platform."; VariantName = "[No Variations]"
Add component (AddParameter): Name = "PackageDescription"; Value = "Radial Cap, Thru-Hole; 2 Leads; 0.3 in Pin Spacing"; VariantName = "[No Variations]"
Add component (AddParameter): Name = "PackageReference"; Value = "RAD-0.3"; VariantName = "[No Variations]"
Add component (AddParameter): Name = "Published"; Value = "8-Jun-2000"; VariantName = "[No Variations]"
Add component (AddParameter): Name = "Publisher"; Value = "Altium Limited"; VariantName = "[No Variations]"
Add component (AddParameter): Name = "Value"; Value = "100nF"; VariantName = "[No Variations]"
Added Component: Designator=P?(HDR1X6)
Add component. Clean all parameters for all variants
Add component (AddParameter): Name = "LatestRevisionDate"; Value = "17-Jul-2002"; VariantName = "[No Variations]"
Add component (AddParameter): Name = "LatestRevisionNote"; Value = "Re-released for DXP Platform."; VariantName = "[No Variations]"
Add component (AddParameter): Name = "Publisher"; Value = "Altium Limited"; VariantName = "[No Variations]"
Added Pin To Net: NetName=GND uart Pin=C?-1
Added Pin To Net: NetName=VCC_uart Pin=C?-2
Added Pin To Net: NetName=RX Pin=P?-2
Added Pin To Net: NetName=TX Pin=P?-3
Added Pin To Net: NetName=VCC_uart Pin=P?-4
Added Pin To Net: NetName=GND uart Pin=P?-6
Added Class: Name=parte3
Added Room: Name=parte3
