Removed Pin From Net: NetName=PC15 Pin=NAO ISOLADO-2
Removed Pin From Net: NetName=PH1 Pin=NAO ISOLADO-3
Removed Pin From Net: NetName=PC14 Pin=NAO ISOLADO-5
Removed Pin From Net: NetName=PA5 Pin=NAO ISOLADO-6
Removed Pin From Net: NetName=PC15 Pin=NAO ISOLADO-9
Removed Pin From Net: NetName=PH1 Pin=NAO ISOLADO-10
Removed Pin From Net: NetName=PC14 Pin=NAO ISOLADO-12
Removed Pin From Net: NetName=PA4 Pin=NAO ISOLADO-13
Removed Pin From Net: NetName=PC15 Pin=R19-2
Removed Pin From Net: NetName=PH1 Pin=R20-2
Removed Pin From Net: NetName=PA5 Pin=R22-2
Removed Pin From Net: NetName=PC14 Pin=R23-2
Removed Pin From Net: NetName=PA4 Pin=R24-2
Added Pin To Net: NetName=NetNAO ISOLADO_6 Pin=NAO ISOLADO-6
Added Pin To Net: NetName=NetNAO ISOLADO_6 Pin=R22-2
Added Net: Name=NetNAO ISOLADO_6
Added Pin To Net: NetName=NetNAO ISOLADO_9 Pin=NAO ISOLADO-9
Added Pin To Net: NetName=NetNAO ISOLADO_9 Pin=R19-2
Added Net: Name=NetNAO ISOLADO_9
Added Pin To Net: NetName=NetNAO ISOLADO_10 Pin=NAO ISOLADO-10
Added Pin To Net: NetName=NetNAO ISOLADO_10 Pin=R20-2
Added Net: Name=NetNAO ISOLADO_10
Added Pin To Net: NetName=NetNAO ISOLADO_12 Pin=NAO ISOLADO-12
Added Pin To Net: NetName=NetNAO ISOLADO_12 Pin=R23-2
Added Net: Name=NetNAO ISOLADO_12
Added Pin To Net: NetName=NetNAO ISOLADO_13 Pin=NAO ISOLADO-13
Added Pin To Net: NetName=NetNAO ISOLADO_13 Pin=R24-2
Added Net: Name=NetNAO ISOLADO_13
Added Member To Class: ClassName=S bus (5.775 X 3.30 inches) Member=Component C4 Cerâmico 50 V
