Removed Member From Class: ClassName=S bus (5.775 X 3.30 inches) Member=P?
Added Component: Designator=P1(HDR2X25)
Add component. Clean all parameters for all variants
Add component (AddParameter): Name = "LatestRevisionDate"; Value = "17-Jul-2002"; VariantName = "[No Variations]"
Add component (AddParameter): Name = "LatestRevisionNote"; Value = "Re-released for DXP Platform."; VariantName = "[No Variations]"
Add component (AddParameter): Name = "Publisher"; Value = "Altium Limited"; VariantName = "[No Variations]"
Added Pin To Net: NetName=GND Pin=TC1-7
Added Pin To Net: NetName=GND Pin=TP1-7
Added Pin To Net: NetName=3V ARM Pin=INV1-12
Added Net: Name=3V ARM
Added Pin To Net: NetName=GND ARM Pin=INV1-14
Added Pin To Net: NetName=GND ARM Pin=P1-1
Added Pin To Net: NetName=GND ARM Pin=P1-2
Added Pin To Net: NetName=GND ARM Pin=P1-5
Added Pin To Net: NetName=GND ARM Pin=P1-23
Added Pin To Net: NetName=GND ARM Pin=P1-49
Added Pin To Net: NetName=GND ARM Pin=P1-50
Added Net: Name=GND ARM
Added Pin To Net: NetName=NC Pin=P1-48
Added Net: Name=NC
Added Pin To Net: NetName=NRST Pin=P1-6
Added Net: Name=NRST
Added Pin To Net: NetName=PA0 Pin=P1-12
Added Pin To Net: NetName=PA0 Pin=TC1-13
Added Net: Name=PA0
Added Pin To Net: NetName=PA1 Pin=P1-11
Added Pin To Net: NetName=PA1 Pin=TC1-14
Added Net: Name=PA1
Added Pin To Net: NetName=PA2 Pin=P1-14
Added Pin To Net: NetName=PA2 Pin=TC1-12
Added Net: Name=PA2
Added Pin To Net: NetName=PA3 Pin=P1-13
Added Net: Name=PA3
Added Pin To Net: NetName=PA4 Pin=P1-16
Added Net: Name=PA4
Added Pin To Net: NetName=PA5 Pin=P1-15
Added Net: Name=PA5
Added Pin To Net: NetName=PA6 Pin=P1-18
Added Pin To Net: NetName=PA6 Pin=TP1-12
Added Net: Name=PA6
Added Pin To Net: NetName=PA7 Pin=P1-17
Added Pin To Net: NetName=PA7 Pin=TP1-11
Added Net: Name=PA7
Added Pin To Net: NetName=PB0 Pin=P1-22
Added Pin To Net: NetName=PB0 Pin=TP1-13
Added Net: Name=PB0
Added Pin To Net: NetName=PB1 Pin=P1-21
Added Pin To Net: NetName=PB1 Pin=TP1-14
Added Net: Name=PB1
Added Pin To Net: NetName=PB2 Pin=P1-24
Added Net: Name=PB2
Added Pin To Net: NetName=PB10 Pin=P1-34
Added Net: Name=PB10
Added Pin To Net: NetName=PB11 Pin=P1-35
Added Net: Name=PB11
Added Pin To Net: NetName=PB12 Pin=P1-36
Added Net: Name=PB12
Added Pin To Net: NetName=PB13 Pin=P1-37
Added Net: Name=PB13
Added Pin To Net: NetName=PB14 Pin=P1-38
Added Net: Name=PB14
Added Pin To Net: NetName=PB15 Pin=P1-39
Added Net: Name=PB15
Added Pin To Net: NetName=PC0 Pin=P1-8
Added Net: Name=PC0
Added Pin To Net: NetName=PC1 Pin=P1-7
Added Net: Name=PC1
Added Pin To Net: NetName=PC2 Pin=P1-10
Added Net: Name=PC2
Added Pin To Net: NetName=PC3 Pin=P1-9
Added Net: Name=PC3
Added Pin To Net: NetName=PC4 Pin=P1-20
Added Net: Name=PC4
Added Pin To Net: NetName=PC5 Pin=P1-19
Added Net: Name=PC5
Added Pin To Net: NetName=PD8 Pin=P1-40
Added Net: Name=PD8
Added Pin To Net: NetName=PD9 Pin=P1-41
Added Net: Name=PD9
Added Pin To Net: NetName=PD10 Pin=P1-42
Added Net: Name=PD10
Added Pin To Net: NetName=PD11 Pin=P1-43
Added Net: Name=PD11
Added Pin To Net: NetName=PD12 Pin=P1-44
Added Net: Name=PD12
Added Pin To Net: NetName=PD13 Pin=P1-45
Added Net: Name=PD13
Added Pin To Net: NetName=PD14 Pin=P1-46
Added Net: Name=PD14
Added Pin To Net: NetName=PD15 Pin=P1-47
Added Net: Name=PD15
Added Pin To Net: NetName=PE7 Pin=P1-25
Added Net: Name=PE7
Added Pin To Net: NetName=PE8 Pin=INV1-8
Added Pin To Net: NetName=PE8 Pin=P1-26
Added Net: Name=PE8
Added Pin To Net: NetName=PE9 Pin=INV1-9
Added Pin To Net: NetName=PE9 Pin=P1-27
Added Net: Name=PE9
Added Pin To Net: NetName=PE10 Pin=P1-28
Added Net: Name=PE10
Added Pin To Net: NetName=PE11 Pin=P1-29
Added Net: Name=PE11
Added Pin To Net: NetName=PE12 Pin=P1-30
Added Net: Name=PE12
Added Pin To Net: NetName=PE13 Pin=P1-31
Added Net: Name=PE13
Added Pin To Net: NetName=PE14 Pin=P1-32
Added Net: Name=PE14
Added Pin To Net: NetName=PE15 Pin=P1-33
Added Net: Name=PE15
Added Pin To Net: NetName=VDD Pin=P1-3
Added Pin To Net: NetName=VDD Pin=P1-4
Added Net: Name=VDD
